Build started 9/17/2012 6:01:53 PM.
     1>Project "C:\Users\Micael\Documents\Visual Studio 2010\Projects\6GEN715-TP1\lab-type-VisualStudio10-2010\lab-type-VisualStudio10-2010.vcxproj" on node 2 (build target(s)).
     1>InitializeBuildStatus:
         Creating "Debug\TP1-3C.unsuccessfulbuild" because "AlwaysCreate" was specified.
       ClCompile:
         c:\Program Files (x86)\Microsoft Visual Studio 10.0\VC\bin\CL.exe /c /ZI /nologo /W3 /WX- /Od /Oy- /D WIN32 /D _DEBUG /D _CONSOLE /D _UNICODE /D UNICODE /Gm /EHsc /RTC1 /MDd /GS /fp:precise /Zc:wchar_t /Zc:forScope /Fo"Debug\\" /Fd"Debug\vc100.pdb" /Gd /TP /analyze- /errorReport:prompt ..\cube.c
         cube.c
       ManifestResourceCompile:
         C:\Program Files (x86)\Microsoft SDKs\Windows\v7.0A\bin\rc.exe /nologo /fo"Debug\TP1-3C.exe.embed.manifest.res" Debug\TP1-3C_manifest.rc 
       Link:
         c:\Program Files (x86)\Microsoft Visual Studio 10.0\VC\bin\link.exe /ERRORREPORT:PROMPT /OUT:"C:\Users\Micael\Documents\Visual Studio 2010\Projects\6GEN715-TP1\Debug\TP1-3C.exe" /VERBOSE:Lib /INCREMENTAL /NOLOGO /LIBPATH:"C:\Users\Micael\Documents\Visual Studio 2010\Projects\6GEN715-TP1\\" glut32.lib glu32.lib opengl32.lib kernel32.lib user32.lib gdi32.lib winspool.lib comdlg32.lib advapi32.lib shell32.lib ole32.lib oleaut32.lib uuid.lib odbc32.lib odbccp32.lib /MANIFEST /ManifestFile:"Debug\TP1-3C.exe.intermediate.manifest" /MANIFESTUAC:"level='asInvoker' uiAccess='false'" /DEBUG /PDB:"C:\Users\Micael\Documents\Visual Studio 2010\Projects\6GEN715-TP1\Debug\TP1-3C.pdb" /SUBSYSTEM:CONSOLE /TLBID:1 /DYNAMICBASE /NXCOMPAT /IMPLIB:"C:\Users\Micael\Documents\Visual Studio 2010\Projects\6GEN715-TP1\Debug\TP1-3C.lib" /MACHINE:X86 "Debug\TP1-3C.exe.embed.manifest.res"
         Debug\cube.obj
         
         Searching libraries
             Searching C:\Users\Micael\Documents\Visual Studio 2010\Projects\6GEN715-TP1\lib\glut32.lib:
             Searching C:\Program Files (x86)\Microsoft SDKs\Windows\v7.0A\lib\glu32.lib:
             Searching C:\Program Files (x86)\Microsoft SDKs\Windows\v7.0A\lib\opengl32.lib:
             Searching C:\Program Files (x86)\Microsoft SDKs\Windows\v7.0A\lib\kernel32.lib:
             Searching C:\Program Files (x86)\Microsoft SDKs\Windows\v7.0A\lib\user32.lib:
             Searching C:\Program Files (x86)\Microsoft SDKs\Windows\v7.0A\lib\gdi32.lib:
             Searching C:\Program Files (x86)\Microsoft SDKs\Windows\v7.0A\lib\winspool.lib:
             Searching C:\Program Files (x86)\Microsoft SDKs\Windows\v7.0A\lib\comdlg32.lib:
             Searching C:\Program Files (x86)\Microsoft SDKs\Windows\v7.0A\lib\advapi32.lib:
             Searching C:\Program Files (x86)\Microsoft SDKs\Windows\v7.0A\lib\shell32.lib:
             Searching C:\Program Files (x86)\Microsoft SDKs\Windows\v7.0A\lib\ole32.lib:
             Searching C:\Program Files (x86)\Microsoft SDKs\Windows\v7.0A\lib\oleaut32.lib:
             Searching C:\Program Files (x86)\Microsoft SDKs\Windows\v7.0A\lib\uuid.lib:
             Searching C:\Program Files (x86)\Microsoft SDKs\Windows\v7.0A\lib\odbc32.lib:
             Searching C:\Program Files (x86)\Microsoft SDKs\Windows\v7.0A\lib\odbccp32.lib:
             Searching C:\Program Files (x86)\Microsoft SDKs\Windows\v7.0A\lib\winmm.lib:
             Searching c:\Program Files (x86)\Microsoft Visual Studio 10.0\VC\lib\MSVCRTD.lib:
             Searching c:\Program Files (x86)\Microsoft Visual Studio 10.0\VC\lib\OLDNAMES.lib:
             Searching C:\Users\Micael\Documents\Visual Studio 2010\Projects\6GEN715-TP1\lib\glut32.lib:
             Searching C:\Program Files (x86)\Microsoft SDKs\Windows\v7.0A\lib\glu32.lib:
             Searching C:\Program Files (x86)\Microsoft SDKs\Windows\v7.0A\lib\opengl32.lib:
             Searching C:\Program Files (x86)\Microsoft SDKs\Windows\v7.0A\lib\kernel32.lib:
             Searching C:\Program Files (x86)\Microsoft SDKs\Windows\v7.0A\lib\user32.lib:
             Searching C:\Program Files (x86)\Microsoft SDKs\Windows\v7.0A\lib\gdi32.lib:
             Searching C:\Program Files (x86)\Microsoft SDKs\Windows\v7.0A\lib\winspool.lib:
             Searching C:\Program Files (x86)\Microsoft SDKs\Windows\v7.0A\lib\comdlg32.lib:
             Searching C:\Program Files (x86)\Microsoft SDKs\Windows\v7.0A\lib\advapi32.lib:
             Searching C:\Program Files (x86)\Microsoft SDKs\Windows\v7.0A\lib\shell32.lib:
             Searching C:\Program Files (x86)\Microsoft SDKs\Windows\v7.0A\lib\ole32.lib:
             Searching C:\Program Files (x86)\Microsoft SDKs\Windows\v7.0A\lib\oleaut32.lib:
             Searching C:\Program Files (x86)\Microsoft SDKs\Windows\v7.0A\lib\uuid.lib:
             Searching C:\Program Files (x86)\Microsoft SDKs\Windows\v7.0A\lib\odbc32.lib:
             Searching C:\Program Files (x86)\Microsoft SDKs\Windows\v7.0A\lib\odbccp32.lib:
             Searching C:\Program Files (x86)\Microsoft SDKs\Windows\v7.0A\lib\winmm.lib:
             Searching c:\Program Files (x86)\Microsoft Visual Studio 10.0\VC\lib\MSVCRTD.lib:
             Searching c:\Program Files (x86)\Microsoft Visual Studio 10.0\VC\lib\OLDNAMES.lib:
             Searching C:\Users\Micael\Documents\Visual Studio 2010\Projects\6GEN715-TP1\lib\glut32.lib:
             Searching C:\Program Files (x86)\Microsoft SDKs\Windows\v7.0A\lib\glu32.lib:
             Searching C:\Program Files (x86)\Microsoft SDKs\Windows\v7.0A\lib\opengl32.lib:
         
         Finished searching libraries
       Manifest:
         C:\Program Files (x86)\Microsoft SDKs\Windows\v7.0A\bin\mt.exe /nologo /verbose /out:"Debug\TP1-3C.exe.embed.manifest" /manifest "Debug\TP1-3C.exe.intermediate.manifest"
         C:\Program Files (x86)\Microsoft SDKs\Windows\v7.0A\bin\rc.exe /nologo /fo"Debug\TP1-3C.exe.embed.manifest.res" Debug\TP1-3C_manifest.rc 
       LinkEmbedManifest:
         c:\Program Files (x86)\Microsoft Visual Studio 10.0\VC\bin\link.exe /ERRORREPORT:PROMPT /OUT:"C:\Users\Micael\Documents\Visual Studio 2010\Projects\6GEN715-TP1\Debug\TP1-3C.exe" /VERBOSE:Lib /INCREMENTAL /NOLOGO /LIBPATH:"C:\Users\Micael\Documents\Visual Studio 2010\Projects\6GEN715-TP1\\" glut32.lib glu32.lib opengl32.lib kernel32.lib user32.lib gdi32.lib winspool.lib comdlg32.lib advapi32.lib shell32.lib ole32.lib oleaut32.lib uuid.lib odbc32.lib odbccp32.lib /MANIFEST /ManifestFile:"Debug\TP1-3C.exe.intermediate.manifest" /MANIFESTUAC:"level='asInvoker' uiAccess='false'" /DEBUG /PDB:"C:\Users\Micael\Documents\Visual Studio 2010\Projects\6GEN715-TP1\Debug\TP1-3C.pdb" /SUBSYSTEM:CONSOLE /TLBID:1 /DYNAMICBASE /NXCOMPAT /IMPLIB:"C:\Users\Micael\Documents\Visual Studio 2010\Projects\6GEN715-TP1\Debug\TP1-3C.lib" /MACHINE:X86 "Debug\TP1-3C.exe.embed.manifest.res"
         Debug\cube.obj
         
         Searching libraries
             Searching C:\Users\Micael\Documents\Visual Studio 2010\Projects\6GEN715-TP1\lib\glut32.lib:
             Searching C:\Program Files (x86)\Microsoft SDKs\Windows\v7.0A\lib\glu32.lib:
             Searching C:\Program Files (x86)\Microsoft SDKs\Windows\v7.0A\lib\opengl32.lib:
             Searching C:\Program Files (x86)\Microsoft SDKs\Windows\v7.0A\lib\kernel32.lib:
             Searching C:\Program Files (x86)\Microsoft SDKs\Windows\v7.0A\lib\user32.lib:
             Searching C:\Program Files (x86)\Microsoft SDKs\Windows\v7.0A\lib\gdi32.lib:
             Searching C:\Program Files (x86)\Microsoft SDKs\Windows\v7.0A\lib\winspool.lib:
             Searching C:\Program Files (x86)\Microsoft SDKs\Windows\v7.0A\lib\comdlg32.lib:
             Searching C:\Program Files (x86)\Microsoft SDKs\Windows\v7.0A\lib\advapi32.lib:
             Searching C:\Program Files (x86)\Microsoft SDKs\Windows\v7.0A\lib\shell32.lib:
             Searching C:\Program Files (x86)\Microsoft SDKs\Windows\v7.0A\lib\ole32.lib:
             Searching C:\Program Files (x86)\Microsoft SDKs\Windows\v7.0A\lib\oleaut32.lib:
             Searching C:\Program Files (x86)\Microsoft SDKs\Windows\v7.0A\lib\uuid.lib:
             Searching C:\Program Files (x86)\Microsoft SDKs\Windows\v7.0A\lib\odbc32.lib:
             Searching C:\Program Files (x86)\Microsoft SDKs\Windows\v7.0A\lib\odbccp32.lib:
             Searching C:\Program Files (x86)\Microsoft SDKs\Windows\v7.0A\lib\winmm.lib:
             Searching c:\Program Files (x86)\Microsoft Visual Studio 10.0\VC\lib\MSVCRTD.lib:
             Searching c:\Program Files (x86)\Microsoft Visual Studio 10.0\VC\lib\OLDNAMES.lib:
             Searching C:\Users\Micael\Documents\Visual Studio 2010\Projects\6GEN715-TP1\lib\glut32.lib:
             Searching C:\Program Files (x86)\Microsoft SDKs\Windows\v7.0A\lib\glu32.lib:
             Searching C:\Program Files (x86)\Microsoft SDKs\Windows\v7.0A\lib\opengl32.lib:
             Searching C:\Program Files (x86)\Microsoft SDKs\Windows\v7.0A\lib\kernel32.lib:
             Searching C:\Program Files (x86)\Microsoft SDKs\Windows\v7.0A\lib\user32.lib:
             Searching C:\Program Files (x86)\Microsoft SDKs\Windows\v7.0A\lib\gdi32.lib:
             Searching C:\Program Files (x86)\Microsoft SDKs\Windows\v7.0A\lib\winspool.lib:
             Searching C:\Program Files (x86)\Microsoft SDKs\Windows\v7.0A\lib\comdlg32.lib:
             Searching C:\Program Files (x86)\Microsoft SDKs\Windows\v7.0A\lib\advapi32.lib:
             Searching C:\Program Files (x86)\Microsoft SDKs\Windows\v7.0A\lib\shell32.lib:
             Searching C:\Program Files (x86)\Microsoft SDKs\Windows\v7.0A\lib\ole32.lib:
             Searching C:\Program Files (x86)\Microsoft SDKs\Windows\v7.0A\lib\oleaut32.lib:
             Searching C:\Program Files (x86)\Microsoft SDKs\Windows\v7.0A\lib\uuid.lib:
             Searching C:\Program Files (x86)\Microsoft SDKs\Windows\v7.0A\lib\odbc32.lib:
             Searching C:\Program Files (x86)\Microsoft SDKs\Windows\v7.0A\lib\odbccp32.lib:
             Searching C:\Program Files (x86)\Microsoft SDKs\Windows\v7.0A\lib\winmm.lib:
             Searching c:\Program Files (x86)\Microsoft Visual Studio 10.0\VC\lib\MSVCRTD.lib:
             Searching c:\Program Files (x86)\Microsoft Visual Studio 10.0\VC\lib\OLDNAMES.lib:
             Searching C:\Users\Micael\Documents\Visual Studio 2010\Projects\6GEN715-TP1\lib\glut32.lib:
             Searching C:\Program Files (x86)\Microsoft SDKs\Windows\v7.0A\lib\glu32.lib:
             Searching C:\Program Files (x86)\Microsoft SDKs\Windows\v7.0A\lib\opengl32.lib:
         
         Finished searching libraries
         lab-type-VisualStudio10-2010.vcxproj -> C:\Users\Micael\Documents\Visual Studio 2010\Projects\6GEN715-TP1\Debug\TP1-3C.exe
       FinalizeBuildStatus:
         Deleting file "Debug\TP1-3C.unsuccessfulbuild".
         Touching "Debug\TP1-3C.lastbuildstate".
     1>Done Building Project "C:\Users\Micael\Documents\Visual Studio 2010\Projects\6GEN715-TP1\lab-type-VisualStudio10-2010\lab-type-VisualStudio10-2010.vcxproj" (build target(s)).

Build succeeded.

Time Elapsed 00:00:00.97
