Build started 9/17/2012 7:39:23 PM.
     1>Project "C:\Users\Micael\Documents\Visual Studio 2010\Projects\6GEN715-TP1\TP1-3B\TP1-3B.vcxproj" on node 3 (build target(s)).
     1>InitializeBuildStatus:
         Touching "Debug\TP1-3B.unsuccessfulbuild".
       ClCompile:
         c:\Program Files (x86)\Microsoft Visual Studio 10.0\VC\bin\CL.exe /c /ZI /nologo /W3 /WX- /Od /Oy- /D WIN32 /D _DEBUG /D _CONSOLE /D _UNICODE /D UNICODE /Gm /EHsc /RTC1 /MDd /GS /fp:precise /Zc:wchar_t /Zc:forScope /Fo"Debug\\" /Fd"Debug\vc100.pdb" /Gd /TP /analyze- /errorReport:prompt cube.c
         cube.c
       ManifestResourceCompile:
         All outputs are up-to-date.
       Link:
         c:\Program Files (x86)\Microsoft Visual Studio 10.0\VC\bin\link.exe /ERRORREPORT:PROMPT /OUT:"C:\Users\Micael\Documents\Visual Studio 2010\Projects\6GEN715-TP1\Debug\TP1-3B.exe" /INCREMENTAL /NOLOGO kernel32.lib user32.lib gdi32.lib winspool.lib comdlg32.lib advapi32.lib shell32.lib ole32.lib oleaut32.lib uuid.lib odbc32.lib odbccp32.lib /MANIFEST /ManifestFile:"Debug\TP1-3B.exe.intermediate.manifest" /MANIFESTUAC:"level='asInvoker' uiAccess='false'" /DEBUG /PDB:"C:\Users\Micael\Documents\Visual Studio 2010\Projects\6GEN715-TP1\Debug\TP1-3B.pdb" /SUBSYSTEM:CONSOLE /TLBID:1 /DYNAMICBASE /NXCOMPAT /IMPLIB:"C:\Users\Micael\Documents\Visual Studio 2010\Projects\6GEN715-TP1\Debug\TP1-3B.lib" /MACHINE:X86 "Debug\TP1-3B.exe.embed.manifest.res"
         Debug\cube.obj
       Manifest:
         C:\Program Files (x86)\Microsoft SDKs\Windows\v7.0A\bin\mt.exe /nologo /verbose /out:"Debug\TP1-3B.exe.embed.manifest" /manifest "Debug\TP1-3B.exe.intermediate.manifest"
         All outputs are up-to-date.
       LinkEmbedManifest:
         All outputs are up-to-date.
         TP1-3B.vcxproj -> C:\Users\Micael\Documents\Visual Studio 2010\Projects\6GEN715-TP1\Debug\TP1-3B.exe
       FinalizeBuildStatus:
         Deleting file "Debug\TP1-3B.unsuccessfulbuild".
         Touching "Debug\TP1-3B.lastbuildstate".
     1>Done Building Project "C:\Users\Micael\Documents\Visual Studio 2010\Projects\6GEN715-TP1\TP1-3B\TP1-3B.vcxproj" (build target(s)).

Build succeeded.

Time Elapsed 00:00:00.39
